0 info it worked if it ends with ok
1 verbose cli [ 'node', '/usr/local/bin/npm', 'start' ]
2 info using npm@3.5.3
3 info using node@v0.10.41
4 verbose node symlink /usr/bin/node
5 verbose run-script [ 'prestart', 'start', 'poststart' ]
6 info lifecycle erkma@0.0.0~prestart: erkma@0.0.0
7 silly lifecycle erkma@0.0.0~prestart: no script for prestart, continuing
8 info lifecycle erkma@0.0.0~start: erkma@0.0.0
9 verbose lifecycle erkma@0.0.0~start: unsafe-perm in lifecycle true
10 verbose lifecycle erkma@0.0.0~start: PATH: /usr/local/lib/node_modules/npm/bin/node-gyp-bin:/home/adrylen/Documents/CIR2/Informatique/Phaser/node_modules/.bin:/usr/local/sbin:/usr/local/bin:/usr/sbin:/usr/bin:/sbin:/bin:/usr/games:/usr/local/games
11 verbose lifecycle erkma@0.0.0~start: CWD: /home/adrylen/Documents/CIR2/Informatique/Phaser
12 silly lifecycle erkma@0.0.0~start: Args: [ '-c', 'node ./bin/www' ]
13 silly lifecycle erkma@0.0.0~start: Returned: code: 8  signal: null
14 info lifecycle erkma@0.0.0~start: Failed to exec start script
15 verbose stack Error: erkma@0.0.0 start: `node ./bin/www`
15 verbose stack Exit status 8
15 verbose stack     at EventEmitter.<anonymous> (/usr/local/lib/node_modules/npm/lib/utils/lifecycle.js:232:16)
15 verbose stack     at EventEmitter.emit (events.js:98:17)
15 verbose stack     at ChildProcess.<anonymous> (/usr/local/lib/node_modules/npm/lib/utils/spawn.js:24:14)
15 verbose stack     at ChildProcess.emit (events.js:98:17)
15 verbose stack     at maybeClose (child_process.js:766:16)
15 verbose stack     at Process.ChildProcess._handle.onexit (child_process.js:833:5)
16 verbose pkgid erkma@0.0.0
17 verbose cwd /home/adrylen/Documents/CIR2/Informatique/Phaser
18 error Linux 3.19.0-47-generic
19 error argv "node" "/usr/local/bin/npm" "start"
20 error node v0.10.41
21 error npm  v3.5.3
22 error code ELIFECYCLE
23 error erkma@0.0.0 start: `node ./bin/www`
23 error Exit status 8
24 error Failed at the erkma@0.0.0 start script 'node ./bin/www'.
24 error Make sure you have the latest version of node.js and npm installed.
24 error If you do, this is most likely a problem with the erkma package,
24 error not with npm itself.
24 error Tell the author that this fails on your system:
24 error     node ./bin/www
24 error You can get information on how to open an issue for this project with:
24 error     npm bugs erkma
24 error Or if that isn't available, you can get their info via:
24 error     npm owner ls erkma
24 error There is likely additional logging output above.
25 verbose exit [ 1, true ]
